<?xml version="1.0" encoding="utf-8"?>
<coverage line-rate="0.9229999999999999" branch-rate="1" version="1.9" timestamp="1773010735" lines-covered="24" lines-valid="26" branches-covered="6" branches-valid="6">
  <sources>
    <source>C:\Users\USUARIO\Desktop\login-security-dio-main\LoginSecurity\</source>
  </sources>
  <packages>
    <package name="LoginSecurity" line-rate="0.9229999999999999" branch-rate="1" complexity="10">
      <classes>
        <class name="Program" filename="Program.cs" line-rate="0" branch-rate="1" complexity="1">
          <methods>
            <method name="&lt;Main&gt;$" signature="(System.String[])" line-rate="0" branch-rate="1" complexity="1">
              <lines>
                <line number="3" hits="0" branch="False" />
                <line number="5" hits="0" branch="False" />
              </lines>
            </method>
          </methods>
          <lines>
            <line number="3" hits="0" branch="False" />
            <line number="5" hits="0" branch="False" />
          </lines>
        </class>
        <class name="LoginSecurity.Models.LoginService" filename="Models\LoginService.cs" line-rate="1" branch-rate="1" complexity="9">
          <methods>
            <method name="EstaBloqueado" signature="()" line-rate="1" branch-rate="1" complexity="1">
              <lines>
                <line number="15" hits="3" branch="False" />
                <line number="16" hits="3" branch="False" />
                <line number="17" hits="3" branch="False" />
              </lines>
            </method>
            <method name="ObterTentativasInvalidas" signature="()" line-rate="1" branch-rate="1" complexity="1">
              <lines>
                <line number="20" hits="6" branch="False" />
                <line number="21" hits="6" branch="False" />
                <line number="22" hits="6" branch="False" />
              </lines>
            </method>
            <method name="Autenticar" signature="(System.String)" line-rate="1" branch-rate="1" complexity="6">
              <lines>
                <line number="25" hits="25" branch="False" />
                <line number="26" hits="25" branch="True" condition-coverage="100% (2/2)">
                  <conditions>
                    <condition number="9" type="jump" coverage="100%" />
                  </conditions>
                </line>
                <line number="27" hits="2" branch="False" />
                <line number="29" hits="23" branch="True" condition-coverage="100% (2/2)">
                  <conditions>
                    <condition number="29" type="jump" coverage="100%" />
                  </conditions>
                </line>
                <line number="30" hits="3" branch="False" />
                <line number="31" hits="3" branch="False" />
                <line number="32" hits="3" branch="False" />
                <line number="35" hits="20" branch="False" />
                <line number="37" hits="20" branch="True" condition-coverage="100% (2/2)">
                  <conditions>
                    <condition number="71" type="jump" coverage="100%" />
                  </conditions>
                </line>
                <line number="38" hits="3" branch="False" />
                <line number="40" hits="20" branch="False" />
                <line number="41" hits="25" branch="False" />
              </lines>
            </method>
            <method name=".ctor" signature="(System.String)" line-rate="1" branch-rate="1" complexity="1">
              <lines>
                <line number="6" hits="14" branch="False" />
                <line number="7" hits="14" branch="False" />
                <line number="9" hits="14" branch="False" />
                <line number="10" hits="14" branch="False" />
                <line number="11" hits="14" branch="False" />
                <line number="12" hits="14" branch="False" />
              </lines>
            </method>
          </methods>
          <lines>
            <line number="15" hits="3" branch="False" />
            <line number="16" hits="3" branch="False" />
            <line number="17" hits="3" branch="False" />
            <line number="20" hits="6" branch="False" />
            <line number="21" hits="6" branch="False" />
            <line number="22" hits="6" branch="False" />
            <line number="25" hits="25" branch="False" />
            <line number="26" hits="25" branch="True" condition-coverage="100% (2/2)">
              <conditions>
                <condition number="9" type="jump" coverage="100%" />
              </conditions>
            </line>
            <line number="27" hits="2" branch="False" />
            <line number="29" hits="23" branch="True" condition-coverage="100% (2/2)">
              <conditions>
                <condition number="29" type="jump" coverage="100%" />
              </conditions>
            </line>
            <line number="30" hits="3" branch="False" />
            <line number="31" hits="3" branch="False" />
            <line number="32" hits="3" branch="False" />
            <line number="35" hits="20" branch="False" />
            <line number="37" hits="20" branch="True" condition-coverage="100% (2/2)">
              <conditions>
                <condition number="71" type="jump" coverage="100%" />
              </conditions>
            </line>
            <line number="38" hits="3" branch="False" />
            <line number="40" hits="20" branch="False" />
            <line number="41" hits="25" branch="False" />
            <line number="6" hits="14" branch="False" />
            <line number="7" hits="14" branch="False" />
            <line number="9" hits="14" branch="False" />
            <line number="10" hits="14" branch="False" />
            <line number="11" hits="14" branch="False" />
            <line number="12" hits="14" branch="False" />
          </lines>
        </class>
      </classes>
    </package>
  </packages>
</coverage>